2018-03-31 15:41:35,665 INFO 26768 [egg:logger] init all loggers with options: {"dir":"H:\\learn\\examples\\static\\logs\\static-example","encoding":"utf8","env":"local","level":"INFO","consoleLevel":"INFO","disableConsoleAfterReady":false,"outputJSON":false,"buffer":true,"appLogName":"static-example-web.log","coreLogName":"egg-web.log","agentLogName":"egg-agent.log","errorLogName":"common-error.log","coreLogger":{"consoleLevel":"WARN"},"allowDebugAtProd":true,"type":"application"}
2018-03-31 15:41:35,696 INFO 26768 [egg-schedule]: register schedule H:\learn\examples\static\node_modules\egg-logrotator\app\schedule\clean_log.js
2018-03-31 15:41:35,696 INFO 26768 [egg-schedule]: register schedule H:\learn\examples\static\node_modules\egg-logrotator\app\schedule\rotate_by_file.js
2018-03-31 15:41:35,763 INFO 26768 [egg-static] starting static serve /public/ -> H:\learn\examples\static\app\public
2018-03-31 15:41:35,766 INFO 26768 [egg-security] use csrf middleware
2018-03-31 15:41:35,768 INFO 26768 [egg-security] use methodnoallow middleware
2018-03-31 15:41:35,768 INFO 26768 [egg-security] use noopen middleware
2018-03-31 15:41:35,769 INFO 26768 [egg-security] use nosniff middleware
2018-03-31 15:41:35,769 INFO 26768 [egg-security] use xssProtection middleware
2018-03-31 15:41:35,770 INFO 26768 [egg-security] use xframe middleware
2018-03-31 15:41:35,770 INFO 26768 [egg-security] use dta middleware
2018-03-31 15:41:35,770 INFO 26768 [egg-security] compose 7 middlewares into one security middleware
2018-03-31 15:41:35,795 INFO 26768 [egg-watcher:app] watcher start success
2018-03-31 16:12:19,748 INFO 27400 [egg:logger] init all loggers with options: {"dir":"H:\\learn\\egg-web\\logs\\static-example","encoding":"utf8","env":"local","level":"INFO","consoleLevel":"INFO","disableConsoleAfterReady":false,"outputJSON":false,"buffer":true,"appLogName":"static-example-web.log","coreLogName":"egg-web.log","agentLogName":"egg-agent.log","errorLogName":"common-error.log","coreLogger":{"consoleLevel":"WARN"},"allowDebugAtProd":true,"type":"application"}
2018-03-31 16:12:19,787 INFO 27400 [egg-schedule]: register schedule H:\learn\egg-web\node_modules\egg-logrotator\app\schedule\clean_log.js
2018-03-31 16:12:19,787 INFO 27400 [egg-schedule]: register schedule H:\learn\egg-web\node_modules\egg-logrotator\app\schedule\rotate_by_file.js
2018-03-31 16:12:19,897 INFO 27400 [egg-static] starting static serve /public/ -> H:\learn\egg-web\app\public
2018-03-31 16:12:19,902 INFO 27400 [egg-security] use csrf middleware
2018-03-31 16:12:19,904 INFO 27400 [egg-security] use methodnoallow middleware
2018-03-31 16:12:19,905 INFO 27400 [egg-security] use noopen middleware
2018-03-31 16:12:19,907 INFO 27400 [egg-security] use nosniff middleware
2018-03-31 16:12:19,907 INFO 27400 [egg-security] use xssProtection middleware
2018-03-31 16:12:19,908 INFO 27400 [egg-security] use xframe middleware
2018-03-31 16:12:19,909 INFO 27400 [egg-security] use dta middleware
2018-03-31 16:12:19,909 INFO 27400 [egg-security] compose 7 middlewares into one security middleware
2018-03-31 16:12:19,936 INFO 27400 [egg-watcher:app] watcher start success
2018-03-31 16:12:19,833 INFO 27304 [egg:logger] init all loggers with options: {"dir":"H:\\learn\\egg-web\\logs\\static-example","encoding":"utf8","env":"local","level":"INFO","consoleLevel":"INFO","disableConsoleAfterReady":false,"outputJSON":false,"buffer":true,"appLogName":"static-example-web.log","coreLogName":"egg-web.log","agentLogName":"egg-agent.log","errorLogName":"common-error.log","coreLogger":{"consoleLevel":"WARN"},"allowDebugAtProd":true,"type":"application"}
2018-03-31 16:12:19,866 INFO 27304 [egg-schedule]: register schedule H:\learn\egg-web\node_modules\egg-logrotator\app\schedule\clean_log.js
2018-03-31 16:12:19,866 INFO 27304 [egg-schedule]: register schedule H:\learn\egg-web\node_modules\egg-logrotator\app\schedule\rotate_by_file.js
2018-03-31 16:12:19,973 INFO 27304 [egg-static] starting static serve /public/ -> H:\learn\egg-web\app\public
2018-03-31 16:12:19,976 INFO 27304 [egg-security] use csrf middleware
2018-03-31 16:12:19,978 INFO 27304 [egg-security] use methodnoallow middleware
2018-03-31 16:12:19,978 INFO 27304 [egg-security] use noopen middleware
2018-03-31 16:12:19,979 INFO 27304 [egg-security] use nosniff middleware
2018-03-31 16:12:19,979 INFO 27304 [egg-security] use xssProtection middleware
2018-03-31 16:12:19,980 INFO 27304 [egg-security] use xframe middleware
2018-03-31 16:12:19,981 INFO 27304 [egg-security] use dta middleware
2018-03-31 16:12:19,981 INFO 27304 [egg-security] compose 7 middlewares into one security middleware
2018-03-31 16:12:20,008 INFO 27304 [egg-watcher:app] watcher start success
2018-03-31 16:12:19,947 INFO 25048 [egg:logger] init all loggers with options: {"dir":"H:\\learn\\egg-web\\logs\\static-example","encoding":"utf8","env":"local","level":"INFO","consoleLevel":"INFO","disableConsoleAfterReady":false,"outputJSON":false,"buffer":true,"appLogName":"static-example-web.log","coreLogName":"egg-web.log","agentLogName":"egg-agent.log","errorLogName":"common-error.log","coreLogger":{"consoleLevel":"WARN"},"allowDebugAtProd":true,"type":"application"}
2018-03-31 16:12:19,982 INFO 25048 [egg-schedule]: register schedule H:\learn\egg-web\node_modules\egg-logrotator\app\schedule\clean_log.js
2018-03-31 16:12:19,982 INFO 25048 [egg-schedule]: register schedule H:\learn\egg-web\node_modules\egg-logrotator\app\schedule\rotate_by_file.js
2018-03-31 16:12:20,057 INFO 25048 [egg-static] starting static serve /public/ -> H:\learn\egg-web\app\public
2018-03-31 16:12:20,060 INFO 25048 [egg-security] use csrf middleware
2018-03-31 16:12:20,062 INFO 25048 [egg-security] use methodnoallow middleware
2018-03-31 16:12:20,062 INFO 25048 [egg-security] use noopen middleware
2018-03-31 16:12:20,063 INFO 25048 [egg-security] use nosniff middleware
2018-03-31 16:12:20,063 INFO 25048 [egg-security] use xssProtection middleware
2018-03-31 16:12:20,064 INFO 25048 [egg-security] use xframe middleware
2018-03-31 16:12:20,064 INFO 25048 [egg-security] use dta middleware
2018-03-31 16:12:20,064 INFO 25048 [egg-security] compose 7 middlewares into one security middleware
2018-03-31 16:12:20,087 INFO 25048 [egg-watcher:app] watcher start success
2018-03-31 16:12:19,998 INFO 25800 [egg:logger] init all loggers with options: {"dir":"H:\\learn\\egg-web\\logs\\static-example","encoding":"utf8","env":"local","level":"INFO","consoleLevel":"INFO","disableConsoleAfterReady":false,"outputJSON":false,"buffer":true,"appLogName":"static-example-web.log","coreLogName":"egg-web.log","agentLogName":"egg-agent.log","errorLogName":"common-error.log","coreLogger":{"consoleLevel":"WARN"},"allowDebugAtProd":true,"type":"application"}
2018-03-31 16:12:20,035 INFO 25800 [egg-schedule]: register schedule H:\learn\egg-web\node_modules\egg-logrotator\app\schedule\clean_log.js
2018-03-31 16:12:20,035 INFO 25800 [egg-schedule]: register schedule H:\learn\egg-web\node_modules\egg-logrotator\app\schedule\rotate_by_file.js
2018-03-31 16:12:20,099 INFO 25800 [egg-static] starting static serve /public/ -> H:\learn\egg-web\app\public
2018-03-31 16:12:20,102 INFO 25800 [egg-security] use csrf middleware
2018-03-31 16:12:20,103 INFO 25800 [egg-security] use methodnoallow middleware
2018-03-31 16:12:20,104 INFO 25800 [egg-security] use noopen middleware
2018-03-31 16:12:20,104 INFO 25800 [egg-security] use nosniff middleware
2018-03-31 16:12:20,105 INFO 25800 [egg-security] use xssProtection middleware
2018-03-31 16:12:20,105 INFO 25800 [egg-security] use xframe middleware
2018-03-31 16:12:20,105 INFO 25800 [egg-security] use dta middleware
2018-03-31 16:12:20,105 INFO 25800 [egg-security] compose 7 middlewares into one security middleware
2018-03-31 16:12:20,129 INFO 25800 [egg-watcher:app] watcher start success
2018-03-31 16:12:47,265 INFO 25812 [egg:logger] init all loggers with options: {"dir":"H:\\learn\\egg-web\\logs\\static-example","encoding":"utf8","env":"local","level":"INFO","consoleLevel":"INFO","disableConsoleAfterReady":false,"outputJSON":false,"buffer":true,"appLogName":"static-example-web.log","coreLogName":"egg-web.log","agentLogName":"egg-agent.log","errorLogName":"common-error.log","coreLogger":{"consoleLevel":"WARN"},"allowDebugAtProd":true,"type":"application"}
2018-03-31 16:12:47,313 INFO 25812 [egg-schedule]: register schedule H:\learn\egg-web\node_modules\egg-logrotator\app\schedule\clean_log.js
2018-03-31 16:12:47,313 INFO 25812 [egg-schedule]: register schedule H:\learn\egg-web\node_modules\egg-logrotator\app\schedule\rotate_by_file.js
2018-03-31 16:12:47,428 INFO 25812 [egg-static] starting static serve /public/ -> H:\learn\egg-web\app\public
2018-03-31 16:12:47,432 INFO 25812 [egg-security] use csrf middleware
2018-03-31 16:12:47,436 INFO 25812 [egg-security] use methodnoallow middleware
2018-03-31 16:12:47,437 INFO 25812 [egg-security] use noopen middleware
2018-03-31 16:12:47,438 INFO 25812 [egg-security] use nosniff middleware
2018-03-31 16:12:47,438 INFO 25812 [egg-security] use xssProtection middleware
2018-03-31 16:12:47,439 INFO 25812 [egg-security] use xframe middleware
2018-03-31 16:12:47,440 INFO 25812 [egg-security] use dta middleware
2018-03-31 16:12:47,440 INFO 25812 [egg-security] compose 7 middlewares into one security middleware
2018-03-31 16:12:47,468 INFO 25812 [egg-watcher:app] watcher start success
2018-03-31 16:12:47,307 INFO 25324 [egg:logger] init all loggers with options: {"dir":"H:\\learn\\egg-web\\logs\\static-example","encoding":"utf8","env":"local","level":"INFO","consoleLevel":"INFO","disableConsoleAfterReady":false,"outputJSON":false,"buffer":true,"appLogName":"static-example-web.log","coreLogName":"egg-web.log","agentLogName":"egg-agent.log","errorLogName":"common-error.log","coreLogger":{"consoleLevel":"WARN"},"allowDebugAtProd":true,"type":"application"}
2018-03-31 16:12:47,341 INFO 25324 [egg-schedule]: register schedule H:\learn\egg-web\node_modules\egg-logrotator\app\schedule\clean_log.js
2018-03-31 16:12:47,341 INFO 25324 [egg-schedule]: register schedule H:\learn\egg-web\node_modules\egg-logrotator\app\schedule\rotate_by_file.js
2018-03-31 16:12:47,440 INFO 25324 [egg-static] starting static serve /public/ -> H:\learn\egg-web\app\public
2018-03-31 16:12:47,444 INFO 25324 [egg-security] use csrf middleware
2018-03-31 16:12:47,445 INFO 25324 [egg-security] use methodnoallow middleware
2018-03-31 16:12:47,446 INFO 25324 [egg-security] use noopen middleware
2018-03-31 16:12:47,447 INFO 25324 [egg-security] use nosniff middleware
2018-03-31 16:12:47,450 INFO 25324 [egg-security] use xssProtection middleware
2018-03-31 16:12:47,450 INFO 25324 [egg-security] use xframe middleware
2018-03-31 16:12:47,451 INFO 25324 [egg-security] use dta middleware
2018-03-31 16:12:47,451 INFO 25324 [egg-security] compose 7 middlewares into one security middleware
2018-03-31 16:12:47,485 INFO 25324 [egg-watcher:app] watcher start success
2018-03-31 16:12:47,366 INFO 23972 [egg:logger] init all loggers with options: {"dir":"H:\\learn\\egg-web\\logs\\static-example","encoding":"utf8","env":"local","level":"INFO","consoleLevel":"INFO","disableConsoleAfterReady":false,"outputJSON":false,"buffer":true,"appLogName":"static-example-web.log","coreLogName":"egg-web.log","agentLogName":"egg-agent.log","errorLogName":"common-error.log","coreLogger":{"consoleLevel":"WARN"},"allowDebugAtProd":true,"type":"application"}
2018-03-31 16:12:47,398 INFO 23972 [egg-schedule]: register schedule H:\learn\egg-web\node_modules\egg-logrotator\app\schedule\clean_log.js
2018-03-31 16:12:47,398 INFO 23972 [egg-schedule]: register schedule H:\learn\egg-web\node_modules\egg-logrotator\app\schedule\rotate_by_file.js
2018-03-31 16:12:47,504 INFO 23972 [egg-static] starting static serve /public/ -> H:\learn\egg-web\app\public
2018-03-31 16:12:47,507 INFO 23972 [egg-security] use csrf middleware
2018-03-31 16:12:47,509 INFO 23972 [egg-security] use methodnoallow middleware
2018-03-31 16:12:47,509 INFO 23972 [egg-security] use noopen middleware
2018-03-31 16:12:47,510 INFO 23972 [egg-security] use nosniff middleware
2018-03-31 16:12:47,511 INFO 23972 [egg-security] use xssProtection middleware
2018-03-31 16:12:47,511 INFO 23972 [egg-security] use xframe middleware
2018-03-31 16:12:47,512 INFO 23972 [egg-security] use dta middleware
2018-03-31 16:12:47,512 INFO 23972 [egg-security] compose 7 middlewares into one security middleware
2018-03-31 16:12:47,545 INFO 23972 [egg-watcher:app] watcher start success
2018-03-31 16:12:47,383 INFO 27516 [egg:logger] init all loggers with options: {"dir":"H:\\learn\\egg-web\\logs\\static-example","encoding":"utf8","env":"local","level":"INFO","consoleLevel":"INFO","disableConsoleAfterReady":false,"outputJSON":false,"buffer":true,"appLogName":"static-example-web.log","coreLogName":"egg-web.log","agentLogName":"egg-agent.log","errorLogName":"common-error.log","coreLogger":{"consoleLevel":"WARN"},"allowDebugAtProd":true,"type":"application"}
2018-03-31 16:12:47,416 INFO 27516 [egg-schedule]: register schedule H:\learn\egg-web\node_modules\egg-logrotator\app\schedule\clean_log.js
2018-03-31 16:12:47,417 INFO 27516 [egg-schedule]: register schedule H:\learn\egg-web\node_modules\egg-logrotator\app\schedule\rotate_by_file.js
2018-03-31 16:12:47,515 INFO 27516 [egg-static] starting static serve /public/ -> H:\learn\egg-web\app\public
2018-03-31 16:12:47,521 INFO 27516 [egg-security] use csrf middleware
2018-03-31 16:12:47,522 INFO 27516 [egg-security] use methodnoallow middleware
2018-03-31 16:12:47,524 INFO 27516 [egg-security] use noopen middleware
2018-03-31 16:12:47,524 INFO 27516 [egg-security] use nosniff middleware
2018-03-31 16:12:47,525 INFO 27516 [egg-security] use xssProtection middleware
2018-03-31 16:12:47,526 INFO 27516 [egg-security] use xframe middleware
2018-03-31 16:12:47,526 INFO 27516 [egg-security] use dta middleware
2018-03-31 16:12:47,526 INFO 27516 [egg-security] compose 7 middlewares into one security middleware
2018-03-31 16:12:47,557 INFO 27516 [egg-watcher:app] watcher start success
2018-03-31 16:13:20,064 INFO 24976 [egg:logger] init all loggers with options: {"dir":"H:\\learn\\egg-web\\logs\\static-example","encoding":"utf8","env":"local","level":"INFO","consoleLevel":"INFO","disableConsoleAfterReady":false,"outputJSON":false,"buffer":true,"appLogName":"static-example-web.log","coreLogName":"egg-web.log","agentLogName":"egg-agent.log","errorLogName":"common-error.log","coreLogger":{"consoleLevel":"WARN"},"allowDebugAtProd":true,"type":"application"}
2018-03-31 16:13:20,099 INFO 24976 [egg-schedule]: register schedule H:\learn\egg-web\node_modules\egg-logrotator\app\schedule\clean_log.js
2018-03-31 16:13:20,099 INFO 24976 [egg-schedule]: register schedule H:\learn\egg-web\node_modules\egg-logrotator\app\schedule\rotate_by_file.js
2018-03-31 16:13:20,215 INFO 24976 [egg-static] starting static serve /public/ -> H:\learn\egg-web\app\public
2018-03-31 16:13:20,222 INFO 24976 [egg-security] use csrf middleware
2018-03-31 16:13:20,226 INFO 24976 [egg-security] use methodnoallow middleware
2018-03-31 16:13:20,228 INFO 24976 [egg-security] use noopen middleware
2018-03-31 16:13:20,231 INFO 24976 [egg-security] use nosniff middleware
2018-03-31 16:13:20,233 INFO 24976 [egg-security] use xssProtection middleware
2018-03-31 16:13:20,234 INFO 24976 [egg-security] use xframe middleware
2018-03-31 16:13:20,234 INFO 24976 [egg-security] use dta middleware
2018-03-31 16:13:20,234 INFO 24976 [egg-security] compose 7 middlewares into one security middleware
2018-03-31 16:13:20,264 INFO 24976 [egg-watcher:app] watcher start success
2018-03-31 16:13:20,102 INFO 26704 [egg:logger] init all loggers with options: {"dir":"H:\\learn\\egg-web\\logs\\static-example","encoding":"utf8","env":"local","level":"INFO","consoleLevel":"INFO","disableConsoleAfterReady":false,"outputJSON":false,"buffer":true,"appLogName":"static-example-web.log","coreLogName":"egg-web.log","agentLogName":"egg-agent.log","errorLogName":"common-error.log","coreLogger":{"consoleLevel":"WARN"},"allowDebugAtProd":true,"type":"application"}
2018-03-31 16:13:20,148 INFO 26704 [egg-schedule]: register schedule H:\learn\egg-web\node_modules\egg-logrotator\app\schedule\clean_log.js
2018-03-31 16:13:20,148 INFO 26704 [egg-schedule]: register schedule H:\learn\egg-web\node_modules\egg-logrotator\app\schedule\rotate_by_file.js
2018-03-31 16:13:20,224 INFO 26704 [egg-static] starting static serve /public/ -> H:\learn\egg-web\app\public
2018-03-31 16:13:20,228 INFO 26704 [egg-security] use csrf middleware
2018-03-31 16:13:20,229 INFO 26704 [egg-security] use methodnoallow middleware
2018-03-31 16:13:20,231 INFO 26704 [egg-security] use noopen middleware
2018-03-31 16:13:20,232 INFO 26704 [egg-security] use nosniff middleware
2018-03-31 16:13:20,233 INFO 26704 [egg-security] use xssProtection middleware
2018-03-31 16:13:20,234 INFO 26704 [egg-security] use xframe middleware
2018-03-31 16:13:20,235 INFO 26704 [egg-security] use dta middleware
2018-03-31 16:13:20,235 INFO 26704 [egg-security] compose 7 middlewares into one security middleware
2018-03-31 16:13:20,263 INFO 26704 [egg-watcher:app] watcher start success
2018-03-31 16:13:20,180 INFO 27292 [egg:logger] init all loggers with options: {"dir":"H:\\learn\\egg-web\\logs\\static-example","encoding":"utf8","env":"local","level":"INFO","consoleLevel":"INFO","disableConsoleAfterReady":false,"outputJSON":false,"buffer":true,"appLogName":"static-example-web.log","coreLogName":"egg-web.log","agentLogName":"egg-agent.log","errorLogName":"common-error.log","coreLogger":{"consoleLevel":"WARN"},"allowDebugAtProd":true,"type":"application"}
2018-03-31 16:13:20,214 INFO 27292 [egg-schedule]: register schedule H:\learn\egg-web\node_modules\egg-logrotator\app\schedule\clean_log.js
2018-03-31 16:13:20,214 INFO 27292 [egg-schedule]: register schedule H:\learn\egg-web\node_modules\egg-logrotator\app\schedule\rotate_by_file.js
2018-03-31 16:13:20,309 INFO 27292 [egg-static] starting static serve /public/ -> H:\learn\egg-web\app\public
2018-03-31 16:13:20,314 INFO 27292 [egg-security] use csrf middleware
2018-03-31 16:13:20,316 INFO 27292 [egg-security] use methodnoallow middleware
2018-03-31 16:13:20,316 INFO 27292 [egg-security] use noopen middleware
2018-03-31 16:13:20,317 INFO 27292 [egg-security] use nosniff middleware
2018-03-31 16:13:20,318 INFO 27292 [egg-security] use xssProtection middleware
2018-03-31 16:13:20,318 INFO 27292 [egg-security] use xframe middleware
2018-03-31 16:13:20,319 INFO 27292 [egg-security] use dta middleware
2018-03-31 16:13:20,319 INFO 27292 [egg-security] compose 7 middlewares into one security middleware
2018-03-31 16:13:20,347 INFO 27292 [egg-watcher:app] watcher start success
2018-03-31 16:13:20,227 INFO 16672 [egg:logger] init all loggers with options: {"dir":"H:\\learn\\egg-web\\logs\\static-example","encoding":"utf8","env":"local","level":"INFO","consoleLevel":"INFO","disableConsoleAfterReady":false,"outputJSON":false,"buffer":true,"appLogName":"static-example-web.log","coreLogName":"egg-web.log","agentLogName":"egg-agent.log","errorLogName":"common-error.log","coreLogger":{"consoleLevel":"WARN"},"allowDebugAtProd":true,"type":"application"}
2018-03-31 16:13:20,280 INFO 16672 [egg-schedule]: register schedule H:\learn\egg-web\node_modules\egg-logrotator\app\schedule\clean_log.js
2018-03-31 16:13:20,280 INFO 16672 [egg-schedule]: register schedule H:\learn\egg-web\node_modules\egg-logrotator\app\schedule\rotate_by_file.js
2018-03-31 16:13:20,365 INFO 16672 [egg-static] starting static serve /public/ -> H:\learn\egg-web\app\public
2018-03-31 16:13:20,368 INFO 16672 [egg-security] use csrf middleware
2018-03-31 16:13:20,370 INFO 16672 [egg-security] use methodnoallow middleware
2018-03-31 16:13:20,370 INFO 16672 [egg-security] use noopen middleware
2018-03-31 16:13:20,371 INFO 16672 [egg-security] use nosniff middleware
2018-03-31 16:13:20,371 INFO 16672 [egg-security] use xssProtection middleware
2018-03-31 16:13:20,372 INFO 16672 [egg-security] use xframe middleware
2018-03-31 16:13:20,373 INFO 16672 [egg-security] use dta middleware
2018-03-31 16:13:20,373 INFO 16672 [egg-security] compose 7 middlewares into one security middleware
2018-03-31 16:13:20,398 INFO 16672 [egg-watcher:app] watcher start success
2018-03-31 16:14:26,201 INFO 27004 [egg:logger] init all loggers with options: {"dir":"H:\\learn\\egg-web\\logs\\static-example","encoding":"utf8","env":"local","level":"INFO","consoleLevel":"INFO","disableConsoleAfterReady":false,"outputJSON":false,"buffer":true,"appLogName":"static-example-web.log","coreLogName":"egg-web.log","agentLogName":"egg-agent.log","errorLogName":"common-error.log","coreLogger":{"consoleLevel":"WARN"},"allowDebugAtProd":true,"type":"application"}
2018-03-31 16:14:26,238 INFO 27004 [egg-schedule]: register schedule H:\learn\egg-web\node_modules\egg-logrotator\app\schedule\clean_log.js
2018-03-31 16:14:26,238 INFO 27004 [egg-schedule]: register schedule H:\learn\egg-web\node_modules\egg-logrotator\app\schedule\rotate_by_file.js
2018-03-31 16:14:26,332 INFO 27004 [egg-static] starting static serve /public/ -> H:\learn\egg-web\app\public
2018-03-31 16:14:26,340 INFO 27004 [egg-security] use csrf middleware
2018-03-31 16:14:26,342 INFO 27004 [egg-security] use methodnoallow middleware
2018-03-31 16:14:26,342 INFO 27004 [egg-security] use noopen middleware
2018-03-31 16:14:26,343 INFO 27004 [egg-security] use nosniff middleware
2018-03-31 16:14:26,344 INFO 27004 [egg-security] use xssProtection middleware
2018-03-31 16:14:26,345 INFO 27004 [egg-security] use xframe middleware
2018-03-31 16:14:26,347 INFO 27004 [egg-security] use dta middleware
2018-03-31 16:14:26,347 INFO 27004 [egg-security] compose 7 middlewares into one security middleware
2018-03-31 16:14:26,387 INFO 27004 [egg-watcher:app] watcher start success
2018-03-31 16:14:26,281 INFO 23704 [egg:logger] init all loggers with options: {"dir":"H:\\learn\\egg-web\\logs\\static-example","encoding":"utf8","env":"local","level":"INFO","consoleLevel":"INFO","disableConsoleAfterReady":false,"outputJSON":false,"buffer":true,"appLogName":"static-example-web.log","coreLogName":"egg-web.log","agentLogName":"egg-agent.log","errorLogName":"common-error.log","coreLogger":{"consoleLevel":"WARN"},"allowDebugAtProd":true,"type":"application"}
2018-03-31 16:14:26,322 INFO 23704 [egg-schedule]: register schedule H:\learn\egg-web\node_modules\egg-logrotator\app\schedule\clean_log.js
2018-03-31 16:14:26,322 INFO 23704 [egg-schedule]: register schedule H:\learn\egg-web\node_modules\egg-logrotator\app\schedule\rotate_by_file.js
2018-03-31 16:14:26,397 INFO 23704 [egg-static] starting static serve /public/ -> H:\learn\egg-web\app\public
2018-03-31 16:14:26,401 INFO 23704 [egg-security] use csrf middleware
2018-03-31 16:14:26,404 INFO 23704 [egg-security] use methodnoallow middleware
2018-03-31 16:14:26,404 INFO 23704 [egg-security] use noopen middleware
2018-03-31 16:14:26,405 INFO 23704 [egg-security] use nosniff middleware
2018-03-31 16:14:26,406 INFO 23704 [egg-security] use xssProtection middleware
2018-03-31 16:14:26,406 INFO 23704 [egg-security] use xframe middleware
2018-03-31 16:14:26,407 INFO 23704 [egg-security] use dta middleware
2018-03-31 16:14:26,407 INFO 23704 [egg-security] compose 7 middlewares into one security middleware
2018-03-31 16:14:26,432 INFO 23704 [egg-watcher:app] watcher start success
2018-03-31 16:14:26,300 INFO 17384 [egg:logger] init all loggers with options: {"dir":"H:\\learn\\egg-web\\logs\\static-example","encoding":"utf8","env":"local","level":"INFO","consoleLevel":"INFO","disableConsoleAfterReady":false,"outputJSON":false,"buffer":true,"appLogName":"static-example-web.log","coreLogName":"egg-web.log","agentLogName":"egg-agent.log","errorLogName":"common-error.log","coreLogger":{"consoleLevel":"WARN"},"allowDebugAtProd":true,"type":"application"}
2018-03-31 16:14:26,336 INFO 17384 [egg-schedule]: register schedule H:\learn\egg-web\node_modules\egg-logrotator\app\schedule\clean_log.js
2018-03-31 16:14:26,336 INFO 17384 [egg-schedule]: register schedule H:\learn\egg-web\node_modules\egg-logrotator\app\schedule\rotate_by_file.js
2018-03-31 16:14:26,444 INFO 17384 [egg-static] starting static serve /public/ -> H:\learn\egg-web\app\public
2018-03-31 16:14:26,448 INFO 17384 [egg-security] use csrf middleware
2018-03-31 16:14:26,450 INFO 17384 [egg-security] use methodnoallow middleware
2018-03-31 16:14:26,452 INFO 17384 [egg-security] use noopen middleware
2018-03-31 16:14:26,453 INFO 17384 [egg-security] use nosniff middleware
2018-03-31 16:14:26,454 INFO 17384 [egg-security] use xssProtection middleware
2018-03-31 16:14:26,455 INFO 17384 [egg-security] use xframe middleware
2018-03-31 16:14:26,456 INFO 17384 [egg-security] use dta middleware
2018-03-31 16:14:26,456 INFO 17384 [egg-security] compose 7 middlewares into one security middleware
2018-03-31 16:14:26,485 INFO 17384 [egg-watcher:app] watcher start success
2018-03-31 16:14:26,342 INFO 26848 [egg:logger] init all loggers with options: {"dir":"H:\\learn\\egg-web\\logs\\static-example","encoding":"utf8","env":"local","level":"INFO","consoleLevel":"INFO","disableConsoleAfterReady":false,"outputJSON":false,"buffer":true,"appLogName":"static-example-web.log","coreLogName":"egg-web.log","agentLogName":"egg-agent.log","errorLogName":"common-error.log","coreLogger":{"consoleLevel":"WARN"},"allowDebugAtProd":true,"type":"application"}
2018-03-31 16:14:26,384 INFO 26848 [egg-schedule]: register schedule H:\learn\egg-web\node_modules\egg-logrotator\app\schedule\clean_log.js
2018-03-31 16:14:26,384 INFO 26848 [egg-schedule]: register schedule H:\learn\egg-web\node_modules\egg-logrotator\app\schedule\rotate_by_file.js
2018-03-31 16:14:26,467 INFO 26848 [egg-static] starting static serve /public/ -> H:\learn\egg-web\app\public
2018-03-31 16:14:26,472 INFO 26848 [egg-security] use csrf middleware
2018-03-31 16:14:26,474 INFO 26848 [egg-security] use methodnoallow middleware
2018-03-31 16:14:26,474 INFO 26848 [egg-security] use noopen middleware
2018-03-31 16:14:26,475 INFO 26848 [egg-security] use nosniff middleware
2018-03-31 16:14:26,475 INFO 26848 [egg-security] use xssProtection middleware
2018-03-31 16:14:26,476 INFO 26848 [egg-security] use xframe middleware
2018-03-31 16:14:26,476 INFO 26848 [egg-security] use dta middleware
2018-03-31 16:14:26,476 INFO 26848 [egg-security] compose 7 middlewares into one security middleware
2018-03-31 16:14:26,506 INFO 26848 [egg-watcher:app] watcher start success
2018-03-31 16:15:27,963 INFO 25940 [egg:logger] init all loggers with options: {"dir":"H:\\learn\\egg-web\\logs\\static-example","encoding":"utf8","env":"local","level":"INFO","consoleLevel":"INFO","disableConsoleAfterReady":false,"outputJSON":false,"buffer":true,"appLogName":"static-example-web.log","coreLogName":"egg-web.log","agentLogName":"egg-agent.log","errorLogName":"common-error.log","coreLogger":{"consoleLevel":"WARN"},"allowDebugAtProd":true,"type":"application"}
2018-03-31 16:15:27,994 INFO 25940 [egg-schedule]: register schedule H:\learn\egg-web\node_modules\egg-logrotator\app\schedule\clean_log.js
2018-03-31 16:15:27,994 INFO 25940 [egg-schedule]: register schedule H:\learn\egg-web\node_modules\egg-logrotator\app\schedule\rotate_by_file.js
2018-03-31 16:15:28,065 INFO 25940 [egg-static] starting static serve /public/ -> H:\learn\egg-web\app\public
2018-03-31 16:15:28,069 INFO 25940 [egg-security] use csrf middleware
2018-03-31 16:15:28,071 INFO 25940 [egg-security] use methodnoallow middleware
2018-03-31 16:15:28,071 INFO 25940 [egg-security] use noopen middleware
2018-03-31 16:15:28,072 INFO 25940 [egg-security] use nosniff middleware
2018-03-31 16:15:28,073 INFO 25940 [egg-security] use xssProtection middleware
2018-03-31 16:15:28,074 INFO 25940 [egg-security] use xframe middleware
2018-03-31 16:15:28,074 INFO 25940 [egg-security] use dta middleware
2018-03-31 16:15:28,075 INFO 25940 [egg-security] compose 7 middlewares into one security middleware
2018-03-31 16:15:28,105 INFO 25940 [egg-watcher:app] watcher start success
2018-03-31 16:15:28,079 INFO 25944 [egg:logger] init all loggers with options: {"dir":"H:\\learn\\egg-web\\logs\\static-example","encoding":"utf8","env":"local","level":"INFO","consoleLevel":"INFO","disableConsoleAfterReady":false,"outputJSON":false,"buffer":true,"appLogName":"static-example-web.log","coreLogName":"egg-web.log","agentLogName":"egg-agent.log","errorLogName":"common-error.log","coreLogger":{"consoleLevel":"WARN"},"allowDebugAtProd":true,"type":"application"}
2018-03-31 16:15:28,112 INFO 25944 [egg-schedule]: register schedule H:\learn\egg-web\node_modules\egg-logrotator\app\schedule\clean_log.js
2018-03-31 16:15:28,112 INFO 25944 [egg-schedule]: register schedule H:\learn\egg-web\node_modules\egg-logrotator\app\schedule\rotate_by_file.js
2018-03-31 16:15:28,177 INFO 25944 [egg-static] starting static serve /public/ -> H:\learn\egg-web\app\public
2018-03-31 16:15:28,180 INFO 25944 [egg-security] use csrf middleware
2018-03-31 16:15:28,181 INFO 25944 [egg-security] use methodnoallow middleware
2018-03-31 16:15:28,182 INFO 25944 [egg-security] use noopen middleware
2018-03-31 16:15:28,182 INFO 25944 [egg-security] use nosniff middleware
2018-03-31 16:15:28,183 INFO 25944 [egg-security] use xssProtection middleware
2018-03-31 16:15:28,183 INFO 25944 [egg-security] use xframe middleware
2018-03-31 16:15:28,184 INFO 25944 [egg-security] use dta middleware
2018-03-31 16:15:28,184 INFO 25944 [egg-security] compose 7 middlewares into one security middleware
2018-03-31 16:15:28,210 INFO 25944 [egg-watcher:app] watcher start success
2018-03-31 16:15:28,193 INFO 25964 [egg:logger] init all loggers with options: {"dir":"H:\\learn\\egg-web\\logs\\static-example","encoding":"utf8","env":"local","level":"INFO","consoleLevel":"INFO","disableConsoleAfterReady":false,"outputJSON":false,"buffer":true,"appLogName":"static-example-web.log","coreLogName":"egg-web.log","agentLogName":"egg-agent.log","errorLogName":"common-error.log","coreLogger":{"consoleLevel":"WARN"},"allowDebugAtProd":true,"type":"application"}
2018-03-31 16:15:28,230 INFO 25964 [egg-schedule]: register schedule H:\learn\egg-web\node_modules\egg-logrotator\app\schedule\clean_log.js
2018-03-31 16:15:28,230 INFO 25964 [egg-schedule]: register schedule H:\learn\egg-web\node_modules\egg-logrotator\app\schedule\rotate_by_file.js
2018-03-31 16:15:28,288 INFO 25964 [egg-static] starting static serve /public/ -> H:\learn\egg-web\app\public
2018-03-31 16:15:28,291 INFO 25964 [egg-security] use csrf middleware
2018-03-31 16:15:28,292 INFO 25964 [egg-security] use methodnoallow middleware
2018-03-31 16:15:28,293 INFO 25964 [egg-security] use noopen middleware
2018-03-31 16:15:28,293 INFO 25964 [egg-security] use nosniff middleware
2018-03-31 16:15:28,294 INFO 25964 [egg-security] use xssProtection middleware
2018-03-31 16:15:28,294 INFO 25964 [egg-security] use xframe middleware
2018-03-31 16:15:28,294 INFO 25964 [egg-security] use dta middleware
2018-03-31 16:15:28,294 INFO 25964 [egg-security] compose 7 middlewares into one security middleware
2018-03-31 16:15:28,320 INFO 25964 [egg-watcher:app] watcher start success
2018-03-31 16:15:28,200 INFO 25124 [egg:logger] init all loggers with options: {"dir":"H:\\learn\\egg-web\\logs\\static-example","encoding":"utf8","env":"local","level":"INFO","consoleLevel":"INFO","disableConsoleAfterReady":false,"outputJSON":false,"buffer":true,"appLogName":"static-example-web.log","coreLogName":"egg-web.log","agentLogName":"egg-agent.log","errorLogName":"common-error.log","coreLogger":{"consoleLevel":"WARN"},"allowDebugAtProd":true,"type":"application"}
2018-03-31 16:15:28,234 INFO 25124 [egg-schedule]: register schedule H:\learn\egg-web\node_modules\egg-logrotator\app\schedule\clean_log.js
2018-03-31 16:15:28,234 INFO 25124 [egg-schedule]: register schedule H:\learn\egg-web\node_modules\egg-logrotator\app\schedule\rotate_by_file.js
2018-03-31 16:15:28,289 INFO 25124 [egg-static] starting static serve /public/ -> H:\learn\egg-web\app\public
2018-03-31 16:15:28,292 INFO 25124 [egg-security] use csrf middleware
2018-03-31 16:15:28,293 INFO 25124 [egg-security] use methodnoallow middleware
2018-03-31 16:15:28,293 INFO 25124 [egg-security] use noopen middleware
2018-03-31 16:15:28,294 INFO 25124 [egg-security] use nosniff middleware
2018-03-31 16:15:28,294 INFO 25124 [egg-security] use xssProtection middleware
2018-03-31 16:15:28,295 INFO 25124 [egg-security] use xframe middleware
2018-03-31 16:15:28,295 INFO 25124 [egg-security] use dta middleware
2018-03-31 16:15:28,295 INFO 25124 [egg-security] compose 7 middlewares into one security middleware
2018-03-31 16:15:28,323 INFO 25124 [egg-watcher:app] watcher start success
2018-03-31 16:19:04,575 INFO 27356 [egg:logger] init all loggers with options: {"dir":"H:\\learn\\egg-web\\logs\\static-example","encoding":"utf8","env":"local","level":"INFO","consoleLevel":"INFO","disableConsoleAfterReady":false,"outputJSON":false,"buffer":true,"appLogName":"static-example-web.log","coreLogName":"egg-web.log","agentLogName":"egg-agent.log","errorLogName":"common-error.log","coreLogger":{"consoleLevel":"WARN"},"allowDebugAtProd":true,"type":"application"}
2018-03-31 16:19:04,609 INFO 27356 [egg-schedule]: register schedule H:\learn\egg-web\node_modules\egg-logrotator\app\schedule\clean_log.js
2018-03-31 16:19:04,609 INFO 27356 [egg-schedule]: register schedule H:\learn\egg-web\node_modules\egg-logrotator\app\schedule\rotate_by_file.js
2018-03-31 16:19:04,669 INFO 27356 [egg-static] starting static serve /public/ -> H:\learn\egg-web\app\public
2018-03-31 16:19:04,673 INFO 27356 [egg-security] use csrf middleware
2018-03-31 16:19:04,675 INFO 27356 [egg-security] use methodnoallow middleware
2018-03-31 16:19:04,675 INFO 27356 [egg-security] use noopen middleware
2018-03-31 16:19:04,675 INFO 27356 [egg-security] use nosniff middleware
2018-03-31 16:19:04,676 INFO 27356 [egg-security] use xssProtection middleware
2018-03-31 16:19:04,677 INFO 27356 [egg-security] use xframe middleware
2018-03-31 16:19:04,677 INFO 27356 [egg-security] use dta middleware
2018-03-31 16:19:04,677 INFO 27356 [egg-security] compose 7 middlewares into one security middleware
2018-03-31 16:19:04,704 INFO 27356 [egg-watcher:app] watcher start success
2018-03-31 16:19:25,448 INFO 20164 [egg:logger] init all loggers with options: {"dir":"H:\\learn\\egg-web\\logs\\static-example","encoding":"utf8","env":"local","level":"INFO","consoleLevel":"INFO","disableConsoleAfterReady":false,"outputJSON":false,"buffer":true,"appLogName":"static-example-web.log","coreLogName":"egg-web.log","agentLogName":"egg-agent.log","errorLogName":"common-error.log","coreLogger":{"consoleLevel":"WARN"},"allowDebugAtProd":true,"type":"application"}
2018-03-31 16:19:25,480 INFO 20164 [egg-schedule]: register schedule H:\learn\egg-web\node_modules\egg-logrotator\app\schedule\clean_log.js
2018-03-31 16:19:25,480 INFO 20164 [egg-schedule]: register schedule H:\learn\egg-web\node_modules\egg-logrotator\app\schedule\rotate_by_file.js
2018-03-31 16:19:25,539 INFO 20164 [egg-static] starting static serve /public/ -> H:\learn\egg-web\app\public
2018-03-31 16:19:25,542 INFO 20164 [egg-security] use csrf middleware
2018-03-31 16:19:25,543 INFO 20164 [egg-security] use methodnoallow middleware
2018-03-31 16:19:25,544 INFO 20164 [egg-security] use noopen middleware
2018-03-31 16:19:25,545 INFO 20164 [egg-security] use nosniff middleware
2018-03-31 16:19:25,545 INFO 20164 [egg-security] use xssProtection middleware
2018-03-31 16:19:25,546 INFO 20164 [egg-security] use xframe middleware
2018-03-31 16:19:25,546 INFO 20164 [egg-security] use dta middleware
2018-03-31 16:19:25,546 INFO 20164 [egg-security] compose 7 middlewares into one security middleware
2018-03-31 16:19:25,573 INFO 20164 [egg-watcher:app] watcher start success
